running egg_info
writing ../build/warmup/warmup.egg-info/PKG-INFO
writing dependency_links to ../build/warmup/warmup.egg-info/dependency_links.txt
writing entry points to ../build/warmup/warmup.egg-info/entry_points.txt
writing requirements to ../build/warmup/warmup.egg-info/requires.txt
writing top-level names to ../build/warmup/warmup.egg-info/top_level.txt
reading manifest file '../build/warmup/warmup.egg-info/SOURCES.txt'
writing manifest file '../build/warmup/warmup.egg-info/SOURCES.txt'
running build
running build_py
copying warmup/square.py -> /home/hvakil/ros2_ws/src/comprobo_warmup/build/warmup/build/lib/warmup
running install
running install_lib
copying /home/hvakil/ros2_ws/src/comprobo_warmup/build/warmup/build/lib/warmup/square.py -> /home/hvakil/ros2_ws/src/comprobo_warmup/install/warmup/lib/python3.8/site-packages/warmup
byte-compiling /home/hvakil/ros2_ws/src/comprobo_warmup/install/warmup/lib/python3.8/site-packages/warmup/square.py to square.cpython-38.pyc
running install_data
running install_egg_info
removing '/home/hvakil/ros2_ws/src/comprobo_warmup/install/warmup/lib/python3.8/site-packages/warmup-0.0.0-py3.8.egg-info' (and everything under it)
Copying ../build/warmup/warmup.egg-info to /home/hvakil/ros2_ws/src/comprobo_warmup/install/warmup/lib/python3.8/site-packages/warmup-0.0.0-py3.8.egg-info
running install_scripts
Installing square script to /home/hvakil/ros2_ws/src/comprobo_warmup/install/warmup/lib/warmup
writing list of installed files to '/home/hvakil/ros2_ws/src/comprobo_warmup/build/warmup/install.log'
