[0.333s] DEBUG:colcon:Command line arguments: ['/usr/bin/colcon', 'build']
[0.333s] DEBUG:colcon:Parsed command line arguments: Namespace(allow_overriding=[], ament_cmake_args=None, base_paths=['.'], build_base='build', catkin_cmake_args=None, catkin_skip_building_tests=False, cmake_args=None, cmake_clean_cache=False, cmake_clean_first=False, cmake_force_configure=False, cmake_target=None, cmake_target_skip_unavailable=False, continue_on_error=False, event_handlers=None, executor='parallel', ignore_user_meta=False, install_base='install', log_base=None, log_level=None, main=<bound method BuildVerb.main of <colcon_core.verb.build.BuildVerb object at 0x7fc23d6b0b80>>, merge_install=False, metas=['./colcon.meta'], packages_above=None, packages_above_and_dependencies=None, packages_above_depth=None, packages_end=None, packages_ignore=None, packages_ignore_regex=None, packages_select=None, packages_select_build_failed=False, packages_select_by_dep=None, packages_select_regex=None, packages_select_test_failures=False, packages_skip=None, packages_skip_build_finished=False, packages_skip_by_dep=None, packages_skip_regex=None, packages_skip_test_passed=False, packages_skip_up_to=None, packages_start=None, packages_up_to=None, packages_up_to_regex=None, parallel_workers=12, paths=None, symlink_install=False, test_result_base=None, verb_extension=<colcon_core.verb.build.BuildVerb object at 0x7fc23d6b0b80>, verb_name='build', verb_parser=<colcon_defaults.argument_parser.defaults.DefaultArgumentsDecorator object at 0x7fc23d63b130>)
[0.368s] Level 1:colcon.colcon_core.package_discovery:discover_packages(colcon_meta) check parameters
[0.369s] Level 1:colcon.colcon_core.package_discovery:discover_packages(recursive) check parameters
[0.369s] Level 1:colcon.colcon_core.package_discovery:discover_packages(ignore) check parameters
[0.369s] Level 1:colcon.colcon_core.package_discovery:discover_packages(path) check parameters
[0.369s] Level 1:colcon.colcon_core.package_discovery:discover_packages(colcon_meta) discover
[0.369s] Level 1:colcon.colcon_core.package_discovery:discover_packages(recursive) discover
[0.369s] INFO:colcon.colcon_core.package_discovery:Crawling recursively for packages in '/home/hvakil/ros2_ws/src/comprobo_warmup'
[0.369s] Level 1:colcon.colcon_core.package_identification:_identify(.) by extensions ['ignore', 'ignore_ament_install']
[0.369s] Level 1:colcon.colcon_core.package_identification:_identify(.) by extension 'ignore'
[0.369s] Level 1:colcon.colcon_core.package_identification:_identify(.) by extension 'ignore_ament_install'
[0.369s] Level 1:colcon.colcon_core.package_identification:_identify(.) by extensions ['colcon_pkg']
[0.369s] Level 1:colcon.colcon_core.package_identification:_identify(.) by extension 'colcon_pkg'
[0.369s] Level 1:colcon.colcon_core.package_identification:_identify(.) by extensions ['colcon_meta']
[0.369s] Level 1:colcon.colcon_core.package_identification:_identify(.) by extension 'colcon_meta'
[0.370s] Level 1:colcon.colcon_core.package_identification:_identify(.) by extensions ['ros']
[0.370s] Level 1:colcon.colcon_core.package_identification:_identify(.) by extension 'ros'
[0.407s] Level 1:colcon.colcon_core.package_identification:_identify(.) by extensions ['cmake', 'python']
[0.408s] Level 1:colcon.colcon_core.package_identification:_identify(.) by extension 'cmake'
[0.408s] Level 1:colcon.colcon_core.package_identification:_identify(.) by extension 'python'
[0.408s] Level 1:colcon.colcon_core.package_identification:_identify(.) by extensions ['python_setup_py']
[0.408s] Level 1:colcon.colcon_core.package_identification:_identify(.) by extension 'python_setup_py'
[0.408s] Level 1:colcon.colcon_core.package_identification:_identify(build) by extensions ['ignore', 'ignore_ament_install']
[0.409s] Level 1:colcon.colcon_core.package_identification:_identify(build) by extension 'ignore'
[0.409s] Level 1:colcon.colcon_core.package_identification:_identify(build) ignored
[0.410s] Level 1:colcon.colcon_core.package_identification:_identify(drive_square) by extensions ['ignore', 'ignore_ament_install']
[0.410s] Level 1:colcon.colcon_core.package_identification:_identify(drive_square) by extension 'ignore'
[0.411s] Level 1:colcon.colcon_core.package_identification:_identify(drive_square) by extension 'ignore_ament_install'
[0.411s] Level 1:colcon.colcon_core.package_identification:_identify(drive_square) by extensions ['colcon_pkg']
[0.411s] Level 1:colcon.colcon_core.package_identification:_identify(drive_square) by extension 'colcon_pkg'
[0.411s] Level 1:colcon.colcon_core.package_identification:_identify(drive_square) by extensions ['colcon_meta']
[0.411s] Level 1:colcon.colcon_core.package_identification:_identify(drive_square) by extension 'colcon_meta'
[0.411s] Level 1:colcon.colcon_core.package_identification:_identify(drive_square) by extensions ['ros']
[0.411s] Level 1:colcon.colcon_core.package_identification:_identify(drive_square) by extension 'ros'
[0.412s] Level 1:colcon.colcon_core.package_identification:_identify(drive_square) by extensions ['cmake', 'python']
[0.412s] Level 1:colcon.colcon_core.package_identification:_identify(drive_square) by extension 'cmake'
[0.412s] Level 1:colcon.colcon_core.package_identification:_identify(drive_square) by extension 'python'
[0.412s] Level 1:colcon.colcon_core.package_identification:_identify(drive_square) by extensions ['python_setup_py']
[0.412s] Level 1:colcon.colcon_core.package_identification:_identify(drive_square) by extension 'python_setup_py'
[0.412s] Level 1:colcon.colcon_core.package_identification:_identify(install) by extensions ['ignore', 'ignore_ament_install']
[0.412s] Level 1:colcon.colcon_core.package_identification:_identify(install) by extension 'ignore'
[0.412s] Level 1:colcon.colcon_core.package_identification:_identify(install) ignored
[0.413s] Level 1:colcon.colcon_core.package_identification:_identify(log) by extensions ['ignore', 'ignore_ament_install']
[0.413s] Level 1:colcon.colcon_core.package_identification:_identify(log) by extension 'ignore'
[0.413s] Level 1:colcon.colcon_core.package_identification:_identify(log) ignored
[0.413s] Level 1:colcon.colcon_core.package_identification:_identify(warmup) by extensions ['ignore', 'ignore_ament_install']
[0.413s] Level 1:colcon.colcon_core.package_identification:_identify(warmup) by extension 'ignore'
[0.413s] Level 1:colcon.colcon_core.package_identification:_identify(warmup) by extension 'ignore_ament_install'
[0.414s] Level 1:colcon.colcon_core.package_identification:_identify(warmup) by extensions ['colcon_pkg']
[0.414s] Level 1:colcon.colcon_core.package_identification:_identify(warmup) by extension 'colcon_pkg'
[0.414s] Level 1:colcon.colcon_core.package_identification:_identify(warmup) by extensions ['colcon_meta']
[0.414s] Level 1:colcon.colcon_core.package_identification:_identify(warmup) by extension 'colcon_meta'
[0.414s] Level 1:colcon.colcon_core.package_identification:_identify(warmup) by extensions ['ros']
[0.414s] Level 1:colcon.colcon_core.package_identification:_identify(warmup) by extension 'ros'
[0.417s] DEBUG:colcon.colcon_core.package_identification:Package 'warmup' with type 'ros.ament_python' and name 'warmup'
[0.417s] Level 1:colcon.colcon_core.package_discovery:discover_packages(recursive) using defaults
[0.418s] Level 1:colcon.colcon_core.package_discovery:discover_packages(ignore) discover
[0.418s] Level 1:colcon.colcon_core.package_discovery:discover_packages(ignore) using defaults
[0.418s] Level 1:colcon.colcon_core.package_discovery:discover_packages(path) discover
[0.418s] Level 1:colcon.colcon_core.package_discovery:discover_packages(path) using defaults
[0.475s] Level 1:colcon.colcon_core.package_discovery:discover_packages(prefix_path) check parameters
[0.475s] Level 1:colcon.colcon_core.package_discovery:discover_packages(prefix_path) discover
[0.487s] DEBUG:colcon.colcon_installed_package_information.package_discovery:Found 12 installed packages in /home/hvakil/ros2_ws/install
[0.492s] DEBUG:colcon.colcon_installed_package_information.package_discovery:Found 9 installed packages in /home/hvakil/ros2_ws/src/install
[0.497s] DEBUG:colcon.colcon_installed_package_information.package_discovery:Found 306 installed packages in /opt/ros/foxy
[0.499s] Level 1:colcon.colcon_core.package_discovery:discover_packages(prefix_path) using defaults
[0.652s] Level 5:colcon.colcon_core.verb:set package 'warmup' build argument 'cmake_args' from command line to 'None'
[0.652s] Level 5:colcon.colcon_core.verb:set package 'warmup' build argument 'cmake_target' from command line to 'None'
[0.652s] Level 5:colcon.colcon_core.verb:set package 'warmup' build argument 'cmake_target_skip_unavailable' from command line to 'False'
[0.652s] Level 5:colcon.colcon_core.verb:set package 'warmup' build argument 'cmake_clean_cache' from command line to 'False'
[0.652s] Level 5:colcon.colcon_core.verb:set package 'warmup' build argument 'cmake_clean_first' from command line to 'False'
[0.652s] Level 5:colcon.colcon_core.verb:set package 'warmup' build argument 'cmake_force_configure' from command line to 'False'
[0.652s] Level 5:colcon.colcon_core.verb:set package 'warmup' build argument 'ament_cmake_args' from command line to 'None'
[0.652s] Level 5:colcon.colcon_core.verb:set package 'warmup' build argument 'catkin_cmake_args' from command line to 'None'
[0.652s] Level 5:colcon.colcon_core.verb:set package 'warmup' build argument 'catkin_skip_building_tests' from command line to 'False'
[0.653s] DEBUG:colcon.colcon_core.verb:Building package 'warmup' with the following arguments: {'ament_cmake_args': None, 'build_base': '/home/hvakil/ros2_ws/src/comprobo_warmup/build/warmup', 'catkin_cmake_args': None, 'catkin_skip_building_tests': False, 'cmake_args': None, 'cmake_clean_cache': False, 'cmake_clean_first': False, 'cmake_force_configure': False, 'cmake_target': None, 'cmake_target_skip_unavailable': False, 'install_base': '/home/hvakil/ros2_ws/src/comprobo_warmup/install/warmup', 'merge_install': False, 'path': '/home/hvakil/ros2_ws/src/comprobo_warmup/warmup', 'symlink_install': False, 'test_result_base': None}
[0.653s] INFO:colcon.colcon_core.executor:Executing jobs using 'parallel' executor
[0.659s] DEBUG:colcon.colcon_parallel_executor.executor.parallel:run_until_complete
[0.662s] INFO:colcon.colcon_ros.task.ament_python.build:Building ROS package in '/home/hvakil/ros2_ws/src/comprobo_warmup/warmup' with build type 'ament_python'
[0.663s] Level 1:colcon.colcon_core.shell:create_environment_hook('warmup', 'ament_prefix_path')
[0.671s] INFO:colcon.colcon_core.plugin_system:Skipping extension 'colcon_core.shell.bat': Not used on non-Windows systems
[0.671s] INFO:colcon.colcon_core.shell:Creating environment hook '/home/hvakil/ros2_ws/src/comprobo_warmup/install/warmup/share/warmup/hook/ament_prefix_path.ps1'
[0.672s] INFO:colcon.colcon_core.shell:Creating environment descriptor '/home/hvakil/ros2_ws/src/comprobo_warmup/install/warmup/share/warmup/hook/ament_prefix_path.dsv'
[0.672s] INFO:colcon.colcon_core.shell:Creating environment hook '/home/hvakil/ros2_ws/src/comprobo_warmup/install/warmup/share/warmup/hook/ament_prefix_path.sh'
[0.675s] INFO:colcon.colcon_core.shell:Skip shell extension 'powershell' for command environment: Not usable outside of PowerShell
[0.677s] DEBUG:colcon.colcon_core.shell:Skip shell extension 'dsv' for command environment
[1.175s] INFO:colcon.colcon_core.task.python.build:Building Python package in '/home/hvakil/ros2_ws/src/comprobo_warmup/warmup'
[1.178s] INFO:colcon.colcon_core.shell:Skip shell extension 'powershell' for command environment: Not usable outside of PowerShell
[1.178s] DEBUG:colcon.colcon_core.shell:Skip shell extension 'dsv' for command environment
[2.418s] DEBUG:colcon.colcon_core.event_handler.log_command:Invoking command in '/home/hvakil/ros2_ws/src/comprobo_warmup/warmup': PYTHONPATH=/home/hvakil/ros2_ws/src/comprobo_warmup/install/warmup/lib/python3.8/site-packages:${PYTHONPATH} /usr/bin/python3 setup.py egg_info --egg-base ../build/warmup build --build-base /home/hvakil/ros2_ws/src/comprobo_warmup/build/warmup/build install --prefix /home/hvakil/ros2_ws/src/comprobo_warmup/install/warmup --record /home/hvakil/ros2_ws/src/comprobo_warmup/build/warmup/install.log --single-version-externally-managed
[3.057s] DEBUG:colcon.colcon_core.event_handler.log_command:Invoked command in '/home/hvakil/ros2_ws/src/comprobo_warmup/warmup' returned '0': PYTHONPATH=/home/hvakil/ros2_ws/src/comprobo_warmup/install/warmup/lib/python3.8/site-packages:${PYTHONPATH} /usr/bin/python3 setup.py egg_info --egg-base ../build/warmup build --build-base /home/hvakil/ros2_ws/src/comprobo_warmup/build/warmup/build install --prefix /home/hvakil/ros2_ws/src/comprobo_warmup/install/warmup --record /home/hvakil/ros2_ws/src/comprobo_warmup/build/warmup/install.log --single-version-externally-managed
[3.063s] Level 1:colcon.colcon_core.environment:checking '/home/hvakil/ros2_ws/src/comprobo_warmup/install/warmup' for CMake module files
[3.064s] Level 1:colcon.colcon_core.environment:checking '/home/hvakil/ros2_ws/src/comprobo_warmup/install/warmup' for CMake config files
[3.066s] Level 1:colcon.colcon_core.environment:checking '/home/hvakil/ros2_ws/src/comprobo_warmup/install/warmup/lib'
[3.066s] Level 1:colcon.colcon_core.environment:checking '/home/hvakil/ros2_ws/src/comprobo_warmup/install/warmup/bin'
[3.066s] Level 1:colcon.colcon_core.environment:checking '/home/hvakil/ros2_ws/src/comprobo_warmup/install/warmup/lib/pkgconfig/warmup.pc'
[3.066s] Level 1:colcon.colcon_core.environment:checking '/home/hvakil/ros2_ws/src/comprobo_warmup/install/warmup/lib/python3.8/site-packages'
[3.066s] Level 1:colcon.colcon_core.shell:create_environment_hook('warmup', 'pythonpath')
[3.069s] INFO:colcon.colcon_core.shell:Creating environment hook '/home/hvakil/ros2_ws/src/comprobo_warmup/install/warmup/share/warmup/hook/pythonpath.ps1'
[3.072s] INFO:colcon.colcon_core.shell:Creating environment descriptor '/home/hvakil/ros2_ws/src/comprobo_warmup/install/warmup/share/warmup/hook/pythonpath.dsv'
[3.072s] INFO:colcon.colcon_core.shell:Creating environment hook '/home/hvakil/ros2_ws/src/comprobo_warmup/install/warmup/share/warmup/hook/pythonpath.sh'
[3.077s] Level 1:colcon.colcon_core.environment:checking '/home/hvakil/ros2_ws/src/comprobo_warmup/install/warmup/bin'
[3.077s] Level 1:colcon.colcon_core.environment:create_environment_scripts_only(warmup)
[3.083s] INFO:colcon.colcon_core.shell:Creating package script '/home/hvakil/ros2_ws/src/comprobo_warmup/install/warmup/share/warmup/package.ps1'
[3.086s] INFO:colcon.colcon_core.shell:Creating package descriptor '/home/hvakil/ros2_ws/src/comprobo_warmup/install/warmup/share/warmup/package.dsv'
[3.088s] INFO:colcon.colcon_core.shell:Creating package script '/home/hvakil/ros2_ws/src/comprobo_warmup/install/warmup/share/warmup/package.sh'
[3.090s] INFO:colcon.colcon_core.shell:Creating package script '/home/hvakil/ros2_ws/src/comprobo_warmup/install/warmup/share/warmup/package.bash'
[3.094s] INFO:colcon.colcon_core.shell:Creating package script '/home/hvakil/ros2_ws/src/comprobo_warmup/install/warmup/share/warmup/package.zsh'
[3.096s] Level 1:colcon.colcon_core.environment:create_file_with_runtime_dependencies(/home/hvakil/ros2_ws/src/comprobo_warmup/install/warmup/share/colcon-core/packages/warmup)
[3.098s] DEBUG:colcon.colcon_parallel_executor.executor.parallel:closing loop
[3.099s] DEBUG:colcon.colcon_parallel_executor.executor.parallel:loop closed
[3.099s] DEBUG:colcon.colcon_parallel_executor.executor.parallel:run_until_complete finished with '0'
[3.100s] DEBUG:colcon.colcon_core.event_reactor:joining thread
[3.113s] INFO:colcon.colcon_core.plugin_system:Skipping extension 'colcon_notification.desktop_notification.terminal_notifier': Not used on non-Darwin systems
[3.113s] INFO:colcon.colcon_core.plugin_system:Skipping extension 'colcon_notification.desktop_notification.win32': Not used on non-Windows systems
[3.113s] INFO:colcon.colcon_notification.desktop_notification:Sending desktop notification using 'notify2'
[3.138s] DEBUG:colcon.colcon_core.event_reactor:joined thread
[3.143s] INFO:colcon.colcon_core.shell:Creating prefix script '/home/hvakil/ros2_ws/src/comprobo_warmup/install/local_setup.ps1'
[3.146s] INFO:colcon.colcon_core.shell:Creating prefix util module '/home/hvakil/ros2_ws/src/comprobo_warmup/install/_local_setup_util_ps1.py'
[3.149s] INFO:colcon.colcon_core.shell:Creating prefix chain script '/home/hvakil/ros2_ws/src/comprobo_warmup/install/setup.ps1'
[3.152s] INFO:colcon.colcon_core.shell:Creating prefix script '/home/hvakil/ros2_ws/src/comprobo_warmup/install/local_setup.sh'
[3.153s] INFO:colcon.colcon_core.shell:Creating prefix util module '/home/hvakil/ros2_ws/src/comprobo_warmup/install/_local_setup_util_sh.py'
[3.153s] INFO:colcon.colcon_core.shell:Creating prefix chain script '/home/hvakil/ros2_ws/src/comprobo_warmup/install/setup.sh'
[3.160s] INFO:colcon.colcon_core.shell:Creating prefix script '/home/hvakil/ros2_ws/src/comprobo_warmup/install/local_setup.bash'
[3.163s] INFO:colcon.colcon_core.shell:Creating prefix chain script '/home/hvakil/ros2_ws/src/comprobo_warmup/install/setup.bash'
[3.167s] INFO:colcon.colcon_core.shell:Creating prefix script '/home/hvakil/ros2_ws/src/comprobo_warmup/install/local_setup.zsh'
[3.168s] INFO:colcon.colcon_core.shell:Creating prefix chain script '/home/hvakil/ros2_ws/src/comprobo_warmup/install/setup.zsh'
